Mon, 24 Aug 2020 15:35:48 GMT express deprecated res.sendfile: Use res.sendFile instead at apps/frappe/socketio.js:31:6
Error: ENOENT: no such file or directory, stat '/home/frappe/frappe-bench/index.html'
Error: ENOENT: no such file or directory, stat '/home/frappe/frappe-bench/index.html'
Error: ENOENT: no such file or directory, stat '/home/frappe/frappe-bench/index.html'
Error: ENOENT: no such file or directory, stat '/home/frappe/frappe-bench/index.html'
Error: ENOENT: no such file or directory, stat '/home/frappe/frappe-bench/index.html'
Error: ENOENT: no such file or directory, stat '/home/frappe/frappe-bench/index.html'
(node:3176) [DEP0005] DeprecationWarning: Buffer() is deprecated due to security and usability issues. Please use the Buffer.alloc(), Buffer.allocUnsafe(), or Buffer.from() methods instead.
Wed, 26 Aug 2020 11:39:38 GMT express deprecated res.sendfile: Use res.sendFile instead at apps/frappe/socketio.js:31:6
Error: ENOENT: no such file or directory, stat '/home/frappe/frappe-bench/index.html'
Error: ENOENT: no such file or directory, stat '/home/frappe/frappe-bench/index.html'
Thu, 27 Aug 2020 17:33:32 GMT express deprecated res.sendfile: Use res.sendFile instead at apps/frappe/socketio.js:31:6
Error: ENOENT: no such file or directory, stat '/home/frappe/frappe-bench/index.html'
Thu, 27 Aug 2020 18:13:32 GMT express deprecated res.sendfile: Use res.sendFile instead at apps/frappe/socketio.js:31:6
Error: ENOENT: no such file or directory, stat '/home/frappe/frappe-bench/index.html'
Error: ENOENT: no such file or directory, stat '/home/frappe/frappe-bench/index.html'
Error: ENOENT: no such file or directory, stat '/home/frappe/frappe-bench/index.html'
Error: ENOENT: no such file or directory, stat '/home/frappe/frappe-bench/index.html'
Error: ENOENT: no such file or directory, stat '/home/frappe/frappe-bench/index.html'
Error: ENOENT: no such file or directory, stat '/home/frappe/frappe-bench/index.html'
Error: ENOENT: no such file or directory, stat '/home/frappe/frappe-bench/index.html'
Error: ENOENT: no such file or directory, stat '/home/frappe/frappe-bench/index.html'
Error: ENOENT: no such file or directory, stat '/home/frappe/frappe-bench/index.html'
Error: ENOENT: no such file or directory, stat '/home/frappe/frappe-bench/index.html'
(node:5348) [DEP0005] DeprecationWarning: Buffer() is deprecated due to security and usability issues. Please use the Buffer.alloc(), Buffer.allocUnsafe(), or Buffer.from() methods instead.
Error: ENOENT: no such file or directory, stat '/home/frappe/frappe-bench/index.html'
Error: ENOENT: no such file or directory, stat '/home/frappe/frappe-bench/index.html'
Error: ENOENT: no such file or directory, stat '/home/frappe/frappe-bench/index.html'
Error: ENOENT: no such file or directory, stat '/home/frappe/frappe-bench/index.html'
Thu, 10 Sep 2020 14:22:50 GMT express deprecated res.sendfile: Use res.sendFile instead at apps/frappe/socketio.js:31:6
Error: ENOENT: no such file or directory, stat '/home/frappe/frappe-bench/index.html'
Error: ENOENT: no such file or directory, stat '/home/frappe/frappe-bench/index.html'
Error: ENOENT: no such file or directory, stat '/home/frappe/frappe-bench/index.html'
Error: ENOENT: no such file or directory, stat '/home/frappe/frappe-bench/index.html'
Error: ENOENT: no such file or directory, stat '/home/frappe/frappe-bench/index.html'
Error: ENOENT: no such file or directory, stat '/home/frappe/frappe-bench/index.html'
Error: ENOENT: no such file or directory, stat '/home/frappe/frappe-bench/index.html'
Error: ENOENT: no such file or directory, stat '/home/frappe/frappe-bench/index.html'
Error: ENOENT: no such file or directory, stat '/home/frappe/frappe-bench/index.html'
Error: ENOENT: no such file or directory, stat '/home/frappe/frappe-bench/index.html'
Error: ENOENT: no such file or directory, stat '/home/frappe/frappe-bench/index.html'
Mon, 14 Sep 2020 15:48:21 GMT express deprecated res.sendfile: Use res.sendFile instead at apps/frappe/socketio.js:31:6
Error: ENOENT: no such file or directory, stat '/home/frappe/frappe-bench/index.html'
Error: ENOENT: no such file or directory, stat '/home/frappe/frappe-bench/index.html'
Error: ENOENT: no such file or directory, stat '/home/frappe/frappe-bench/index.html'
Error: ENOENT: no such file or directory, stat '/home/frappe/frappe-bench/index.html'
Error: ENOENT: no such file or directory, stat '/home/frappe/frappe-bench/index.html'
Error: ENOENT: no such file or directory, stat '/home/frappe/frappe-bench/index.html'
Wed, 16 Sep 2020 19:15:41 GMT express deprecated res.sendfile: Use res.sendFile instead at apps/frappe/socketio.js:31:6
Error: ENOENT: no such file or directory, stat '/home/frappe/frappe-bench/index.html'
Error: ENOENT: no such file or directory, stat '/home/frappe/frappe-bench/index.html'
Error: ENOENT: no such file or directory, stat '/home/frappe/frappe-bench/index.html'
(node:1092) [DEP0005] DeprecationWarning: Buffer() is deprecated due to security and usability issues. Please use the Buffer.alloc(), Buffer.allocUnsafe(), or Buffer.from() methods instead.
Thu, 17 Sep 2020 21:08:29 GMT express deprecated res.sendfile: Use res.sendFile instead at apps/frappe/socketio.js:31:6
Error: ENOENT: no such file or directory, stat '/home/frappe/frappe-bench/index.html'
Error: ENOENT: no such file or directory, stat '/home/frappe/frappe-bench/index.html'
Error: ENOENT: no such file or directory, stat '/home/frappe/frappe-bench/index.html'
Error: ENOENT: no such file or directory, stat '/home/frappe/frappe-bench/index.html'
Error: ENOENT: no such file or directory, stat '/home/frappe/frappe-bench/index.html'
Error: ENOENT: no such file or directory, stat '/home/frappe/frappe-bench/index.html'
Error: ENOENT: no such file or directory, stat '/home/frappe/frappe-bench/index.html'
Error: ENOENT: no such file or directory, stat '/home/frappe/frappe-bench/index.html'
Error: ENOENT: no such file or directory, stat '/home/frappe/frappe-bench/index.html'
Error: ENOENT: no such file or directory, stat '/home/frappe/frappe-bench/index.html'
Error: ENOENT: no such file or directory, stat '/home/frappe/frappe-bench/index.html'
Error: ENOENT: no such file or directory, stat '/home/frappe/frappe-bench/index.html'
Error: ENOENT: no such file or directory, stat '/home/frappe/frappe-bench/index.html'
Error: ENOENT: no such file or directory, stat '/home/frappe/frappe-bench/index.html'
Error: ENOENT: no such file or directory, stat '/home/frappe/frappe-bench/index.html'
Error: ENOENT: no such file or directory, stat '/home/frappe/frappe-bench/index.html'
Error: ENOENT: no such file or directory, stat '/home/frappe/frappe-bench/index.html'
Error: ENOENT: no such file or directory, stat '/home/frappe/frappe-bench/index.html'
Error: ENOENT: no such file or directory, stat '/home/frappe/frappe-bench/index.html'
Error: ENOENT: no such file or directory, stat '/home/frappe/frappe-bench/index.html'
Error: ENOENT: no such file or directory, stat '/home/frappe/frappe-bench/index.html'
Error: ENOENT: no such file or directory, stat '/home/frappe/frappe-bench/index.html'
Error: ENOENT: no such file or directory, stat '/home/frappe/frappe-bench/index.html'
Error: ENOENT: no such file or directory, stat '/home/frappe/frappe-bench/index.html'
Error: ENOENT: no such file or directory, stat '/home/frappe/frappe-bench/index.html'
Error: ENOENT: no such file or directory, stat '/home/frappe/frappe-bench/index.html'
Fri, 25 Sep 2020 09:54:17 GMT express deprecated res.sendfile: Use res.sendFile instead at apps/frappe/socketio.js:31:6
Error: ENOENT: no such file or directory, stat '/home/frappe/frappe-bench/index.html'
Fri, 25 Sep 2020 17:10:05 GMT express deprecated res.sendfile: Use res.sendFile instead at apps/frappe/socketio.js:31:6
Error: ENOENT: no such file or directory, stat '/home/frappe/frappe-bench/index.html'
Error: ENOENT: no such file or directory, stat '/home/frappe/frappe-bench/index.html'
Error: ENOENT: no such file or directory, stat '/home/frappe/frappe-bench/index.html'
Error: ENOENT: no such file or directory, stat '/home/frappe/frappe-bench/index.html'
(node:1094) [DEP0005] DeprecationWarning: Buffer() is deprecated due to security and usability issues. Please use the Buffer.alloc(), Buffer.allocUnsafe(), or Buffer.from() methods instead.
Mon, 28 Sep 2020 12:44:28 GMT express deprecated res.sendfile: Use res.sendFile instead at apps/frappe/socketio.js:31:6
Error: ENOENT: no such file or directory, stat '/home/frappe/frappe-bench/index.html'
Mon, 28 Sep 2020 14:40:43 GMT express deprecated res.sendfile: Use res.sendFile instead at apps/frappe/socketio.js:31:6
Error: ENOENT: no such file or directory, stat '/home/frappe/frappe-bench/index.html'
Error: ENOENT: no such file or directory, stat '/home/frappe/frappe-bench/index.html'
Error: ENOENT: no such file or directory, stat '/home/frappe/frappe-bench/index.html'
Error: ENOENT: no such file or directory, stat '/home/frappe/frappe-bench/index.html'
(node:26663) [DEP0005] DeprecationWarning: Buffer() is deprecated due to security and usability issues. Please use the Buffer.alloc(), Buffer.allocUnsafe(), or Buffer.from() methods instead.
Error: ENOENT: no such file or directory, stat '/home/frappe/frappe-bench/index.html'
Error: ENOENT: no such file or directory, stat '/home/frappe/frappe-bench/index.html'
